
Showing logs for build [32mgitops-unbxd-prowstart-master-1[0m stage [32mmeta-pipeline[0m and container [32mstep-credential-initializer-qx26h[0m
{"level":"warn","ts":1568873464.2859137,"logger":"fallback-logger","caller":"logging/config.go:69","msg":"Fetch GitHub commit ID from kodata failed: \"ref: refs/heads/master\" is not a valid GitHub commit ID"}
{"level":"info","ts":1568873464.2861936,"logger":"fallback-logger","caller":"creds-init/main.go:40","msg":"Credentials initialized."}

Showing logs for build [32mgitops-unbxd-prowstart-master-1[0m stage [32mmeta-pipeline[0m and container [32mstep-working-dir-initializer-pzm26[0m
{"level":"warn","ts":1568873465.2521873,"logger":"fallback-logger","caller":"logging/config.go:69","msg":"Fetch GitHub commit ID from kodata failed: open /var/run/ko/HEAD: no such file or directory"}
{"level":"info","ts":1568873465.2533572,"logger":"fallback-logger","caller":"bash/main.go:65","msg":"Successfully executed command \"mkdir -p /workspace/source\""}

Showing logs for build [32mgitops-unbxd-prowstart-master-1[0m stage [32mmeta-pipeline[0m and container [32mstep-place-tools[0m

Showing logs for build [32mgitops-unbxd-prowstart-master-1[0m stage [32mmeta-pipeline[0m and container [32mstep-git-source-meta-gitops-unbxd-prowstart-mas-kk287[0m
{"level":"warn","ts":1568873471.2935688,"logger":"fallback-logger","caller":"logging/config.go:69","msg":"Fetch GitHub commit ID from kodata failed: \"ref: refs/heads/master\" is not a valid GitHub commit ID"}
{"level":"info","ts":1568873471.5403485,"logger":"fallback-logger","caller":"git/git.go:102","msg":"Successfully cloned https://github.com/************/Prowstart.git @ 4cb56672166aa9140db61dd6b020c103d599716b in path /workspace/source"}

Showing logs for build [32mgitops-unbxd-prowstart-master-1[0m stage [32mmeta-pipeline[0m and container [32mstep-git-merge[0m
Using SHAs from PULL_REFS=master:4cb56672166aa9140db61dd6b020c103d599716b
WARNING: no SHAs to merge, falling back to initial cloned commit

Showing logs for build [32mgitops-unbxd-prowstart-master-1[0m stage [32mmeta-pipeline[0m and container [32mstep-merge-pull-refs[0m
SKIP merge-pull-refs: Nothing to merge

Showing logs for build [32mgitops-unbxd-prowstart-master-1[0m stage [32mmeta-pipeline[0m and container [32mstep-create-effective-pipeline[0m
Deleting and cloning the Jenkins X versions repo
Cloning the Jenkins X versions repo https://github.com/jenkins-x/jenkins-x-versions.git with ref refs/heads/master to /builder/home/.**/jenkins-x-versions
Effective pipeline written to jenkins-x-effective.yml

Showing logs for build [32mgitops-unbxd-prowstart-master-1[0m stage [32mmeta-pipeline[0m and container [32mstep-create-tekton-crds[0m
running command: echo \$(**-release-version) > VERSION

running command: ** step tag --version \$(cat VERSION)
Updating chart version in charts/prowstart/Chart.yaml to 0.0.1
Updating repository in charts/prowstart/values.yaml to 012629307706.dkr.ecr.us-west-2.amazonaws.com/************/prowstart
Updating tag in charts/prowstart/values.yaml to 0.0.1
Tag v0.0.1 created and pushed to remote origin

WARNING: failed to find secret kaniko-secret in namespace **: secrets "kaniko-secret" not found
PipelineActivity for ************-Prowstart-master-1
Applying changes 
upserted PipelineResource ************-prowstart-master for the git repository https://github.com/************/Prowstart.git
upserted Task ************-prowstart-master-from-build-pack-1
upserted Pipeline ************-prowstart-master-1
created PipelineRun ************-prowstart-master-1
created PipelineStructure ************-prowstart-master-1

Showing logs for build [32mgitops-unbxd-prowstart-master-1[0m stage [32mfrom-build-pack[0m and container [32mstep-credential-initializer-zh97h[0m
{"level":"warn","ts":1568873482.2100532,"logger":"fallback-logger","caller":"logging/config.go:69","msg":"Fetch GitHub commit ID from kodata failed: \"ref: refs/heads/master\" is not a valid GitHub commit ID"}
{"level":"info","ts":1568873482.2103958,"logger":"fallback-logger","caller":"creds-init/main.go:40","msg":"Credentials initialized."}

Showing logs for build [32mgitops-unbxd-prowstart-master-1[0m stage [32mfrom-build-pack[0m and container [32mstep-working-dir-initializer-rmtvx[0m
{"level":"warn","ts":1568873482.6526716,"logger":"fallback-logger","caller":"logging/config.go:69","msg":"Fetch GitHub commit ID from kodata failed: open /var/run/ko/HEAD: no such file or directory"}
{"level":"info","ts":1568873482.6539438,"logger":"fallback-logger","caller":"bash/main.go:65","msg":"Successfully executed command \"mkdir -p /workspace/source /workspace/source/charts/prowstart\""}

Showing logs for build [32mgitops-unbxd-prowstart-master-1[0m stage [32mfrom-build-pack[0m and container [32mstep-place-tools[0m

Showing logs for build [32mgitops-unbxd-prowstart-master-1[0m stage [32mfrom-build-pack[0m and container [32mstep-git-source-gitops-unbxd-prowstart-master-b47pd[0m
{"level":"warn","ts":1568873488.702345,"logger":"fallback-logger","caller":"logging/config.go:69","msg":"Fetch GitHub commit ID from kodata failed: \"ref: refs/heads/master\" is not a valid GitHub commit ID"}
{"level":"info","ts":1568873488.9487767,"logger":"fallback-logger","caller":"git/git.go:102","msg":"Successfully cloned https://github.com/************/Prowstart.git @ v0.0.1 in path /workspace/source"}

Showing logs for build [32mgitops-unbxd-prowstart-master-1[0m stage [32mfrom-build-pack[0m and container [32mstep-git-merge[0m
Using SHAs from PULL_REFS=master:4cb56672166aa9140db61dd6b020c103d599716b
WARNING: no SHAs to merge, falling back to initial cloned commit

Showing logs for build [32mgitops-unbxd-prowstart-master-1[0m stage [32mfrom-build-pack[0m and container [32mstep-setup-jx-git-credentials[0m
Generated Git credentials file /workspace/xdg_config/git/credentials

Showing logs for build [32mgitops-unbxd-prowstart-master-1[0m stage [32mfrom-build-pack[0m and container [32mstep-build-make-build[0m
CGO_ENABLED=0 GO15VENDOREXPERIMENT=1 go build -ldflags '' -o bin/prowstart main.go

Showing logs for build [32mgitops-unbxd-prowstart-master-1[0m stage [32mfrom-build-pack[0m and container [32mstep-build-container-build[0m
[36mINFO[0m[0000] No base image, nothing to extract            
[36mINFO[0m[0000] cmd: EXPOSE                                  
[36mINFO[0m[0000] Adding exposed port: 8080/tcp                
[36mINFO[0m[0000] Using files from context: [/workspace/source/bin] 
[36mINFO[0m[0000] Skipping unpacking as no commands require it. 
[36mINFO[0m[0000] Taking snapshot of full filesystem...        
[36mINFO[0m[0000] EXPOSE 8080                                  
[36mINFO[0m[0000] cmd: EXPOSE                                  
[36mINFO[0m[0000] Adding exposed port: 8080/tcp                
[36mINFO[0m[0000] No files changed in this command, skipping snapshotting. 
[36mINFO[0m[0000] ENTRYPOINT ["/prowstart"]                    
[36mINFO[0m[0000] No files changed in this command, skipping snapshotting. 
[36mINFO[0m[0000] Using files from context: [/workspace/source/bin] 
[36mINFO[0m[0000] COPY ./bin/ /                                
[36mINFO[0m[0000] Taking snapshot of files...                  
error pushing image: failed to push to destination 012629307706.dkr.ecr.us-west-2.amazonaws.com/************/prowstart:0.0.1: DENIED: User: arn:aws:sts::012629307706:assumed-role/nodes.qa2-us-west-1-k8sa.k8s.local/i-054f4875231bfadef is not authorized to perform: ecr:InitiateLayerUpload on resource: arn:aws:ecr:us-west-2:012629307706:repository/************/prowstart
[31m
Pipeline failed on stage 'from-build-pack' : container 'step-build-container-build'. The execution of the pipeline has stopped.[0m
