
Showing logs for build [32mgitops-unbxd-prowstart-master-drd4f-2[0m stage [32mmeta-pipeline[0m and container [32mstep-credential-initializer-x7wqv[0m
{"level":"warn","ts":1568875304.9707985,"logger":"fallback-logger","caller":"logging/config.go:69","msg":"Fetch GitHub commit ID from kodata failed: \"ref: refs/heads/master\" is not a valid GitHub commit ID"}
{"level":"info","ts":1568875304.971096,"logger":"fallback-logger","caller":"creds-init/main.go:40","msg":"Credentials initialized."}

Showing logs for build [32mgitops-unbxd-prowstart-master-drd4f-2[0m stage [32mmeta-pipeline[0m and container [32mstep-working-dir-initializer-xfv6s[0m
{"level":"warn","ts":1568875305.5929835,"logger":"fallback-logger","caller":"logging/config.go:69","msg":"Fetch GitHub commit ID from kodata failed: open /var/run/ko/HEAD: no such file or directory"}
{"level":"info","ts":1568875305.5941553,"logger":"fallback-logger","caller":"bash/main.go:65","msg":"Successfully executed command \"mkdir -p /workspace/source\""}

Showing logs for build [32mgitops-unbxd-prowstart-master-drd4f-2[0m stage [32mmeta-pipeline[0m and container [32mstep-place-tools[0m

Showing logs for build [32mgitops-unbxd-prowstart-master-drd4f-2[0m stage [32mmeta-pipeline[0m and container [32mstep-git-source-meta-gitops-unbxd-prowstart-mas-tzl4b[0m
{"level":"warn","ts":1568875311.6238453,"logger":"fallback-logger","caller":"logging/config.go:69","msg":"Fetch GitHub commit ID from kodata failed: \"ref: refs/heads/master\" is not a valid GitHub commit ID"}
{"level":"info","ts":1568875311.9296846,"logger":"fallback-logger","caller":"git/git.go:102","msg":"Successfully cloned https://github.com/************/Prowstart.git @ 4cb56672166aa9140db61dd6b020c103d599716b in path /workspace/source"}

Showing logs for build [32mgitops-unbxd-prowstart-master-drd4f-2[0m stage [32mmeta-pipeline[0m and container [32mstep-git-merge[0m
Using SHAs from PULL_REFS=master:4cb56672166aa9140db61dd6b020c103d599716b
WARNING: no SHAs to merge, falling back to initial cloned commit

Showing logs for build [32mgitops-unbxd-prowstart-master-drd4f-2[0m stage [32mmeta-pipeline[0m and container [32mstep-merge-pull-refs[0m
SKIP merge-pull-refs: Nothing to merge

Showing logs for build [32mgitops-unbxd-prowstart-master-drd4f-2[0m stage [32mmeta-pipeline[0m and container [32mstep-create-effective-pipeline[0m
Deleting and cloning the Jenkins X versions repo
Cloning the Jenkins X versions repo https://github.com/jenkins-x/jenkins-x-versions.git with ref refs/heads/master to /builder/home/.**/jenkins-x-versions
Effective pipeline written to jenkins-x-effective.yml

Showing logs for build [32mgitops-unbxd-prowstart-master-drd4f-2[0m stage [32mmeta-pipeline[0m and container [32mstep-create-tekton-crds[0m
running command: echo \$(**-release-version) > VERSION

running command: ** step tag --version \$(cat VERSION)
Updating chart version in charts/prowstart/Chart.yaml to 0.0.2
Updating repository in charts/prowstart/values.yaml to 012629307706.dkr.ecr.us-west-2.amazonaws.com/************/prowstart
Updating tag in charts/prowstart/values.yaml to 0.0.2
Tag v0.0.2 created and pushed to remote origin

WARNING: failed to find secret kaniko-secret in namespace **: secrets "kaniko-secret" not found
PipelineActivity for ************-Prowstart-master-2
Applying changes 
upserted PipelineResource ************-prowstart-master for the git repository https://github.com/************/Prowstart.git
upserted Task ************-prowstart-master-drd4f-from-build-pack-2
upserted Pipeline ************-prowstart-master-drd4f-2
created PipelineRun ************-prowstart-master-drd4f-2
created PipelineStructure ************-prowstart-master-drd4f-2

Showing logs for build [32mgitops-unbxd-prowstart-master-drd4f-2[0m stage [32mfrom-build-pack[0m and container [32mstep-credential-initializer-xgdw6[0m
{"level":"warn","ts":1568875321.0756302,"logger":"fallback-logger","caller":"logging/config.go:69","msg":"Fetch GitHub commit ID from kodata failed: \"ref: refs/heads/master\" is not a valid GitHub commit ID"}
{"level":"info","ts":1568875321.0759394,"logger":"fallback-logger","caller":"creds-init/main.go:40","msg":"Credentials initialized."}

Showing logs for build [32mgitops-unbxd-prowstart-master-drd4f-2[0m stage [32mfrom-build-pack[0m and container [32mstep-working-dir-initializer-zhdhb[0m
{"level":"warn","ts":1568875321.905864,"logger":"fallback-logger","caller":"logging/config.go:69","msg":"Fetch GitHub commit ID from kodata failed: open /var/run/ko/HEAD: no such file or directory"}
{"level":"info","ts":1568875321.9069493,"logger":"fallback-logger","caller":"bash/main.go:65","msg":"Successfully executed command \"mkdir -p /workspace/source /workspace/source/charts/prowstart\""}

Showing logs for build [32mgitops-unbxd-prowstart-master-drd4f-2[0m stage [32mfrom-build-pack[0m and container [32mstep-place-tools[0m

Showing logs for build [32mgitops-unbxd-prowstart-master-drd4f-2[0m stage [32mfrom-build-pack[0m and container [32mstep-git-source-gitops-unbxd-prowstart-master-6vtzw[0m
{"level":"warn","ts":1568875327.9732952,"logger":"fallback-logger","caller":"logging/config.go:69","msg":"Fetch GitHub commit ID from kodata failed: \"ref: refs/heads/master\" is not a valid GitHub commit ID"}
{"level":"info","ts":1568875328.2238827,"logger":"fallback-logger","caller":"git/git.go:102","msg":"Successfully cloned https://github.com/************/Prowstart.git @ v0.0.2 in path /workspace/source"}

Showing logs for build [32mgitops-unbxd-prowstart-master-drd4f-2[0m stage [32mfrom-build-pack[0m and container [32mstep-git-merge[0m
Using SHAs from PULL_REFS=master:4cb56672166aa9140db61dd6b020c103d599716b
WARNING: no SHAs to merge, falling back to initial cloned commit

Showing logs for build [32mgitops-unbxd-prowstart-master-drd4f-2[0m stage [32mfrom-build-pack[0m and container [32mstep-setup-jx-git-credentials[0m
Generated Git credentials file /workspace/xdg_config/git/credentials

Showing logs for build [32mgitops-unbxd-prowstart-master-drd4f-2[0m stage [32mfrom-build-pack[0m and container [32mstep-build-make-build[0m
CGO_ENABLED=0 GO15VENDOREXPERIMENT=1 go build -ldflags '' -o bin/prowstart main.go

Showing logs for build [32mgitops-unbxd-prowstart-master-drd4f-2[0m stage [32mfrom-build-pack[0m and container [32mstep-build-container-build[0m
[36mINFO[0m[0000] No base image, nothing to extract            
[36mINFO[0m[0000] cmd: EXPOSE                                  
[36mINFO[0m[0000] Adding exposed port: 8080/tcp                
[36mINFO[0m[0000] Using files from context: [/workspace/source/bin] 
[36mINFO[0m[0000] Skipping unpacking as no commands require it. 
[36mINFO[0m[0000] Taking snapshot of full filesystem...        
[36mINFO[0m[0000] EXPOSE 8080                                  
[36mINFO[0m[0000] cmd: EXPOSE                                  
[36mINFO[0m[0000] Adding exposed port: 8080/tcp                
[36mINFO[0m[0000] No files changed in this command, skipping snapshotting. 
[36mINFO[0m[0000] ENTRYPOINT ["/prowstart"]                    
[36mINFO[0m[0000] No files changed in this command, skipping snapshotting. 
[36mINFO[0m[0000] Using files from context: [/workspace/source/bin] 
[36mINFO[0m[0000] COPY ./bin/ /                                
[36mINFO[0m[0000] Taking snapshot of files...                  
2019/09/19 06:42:13 pushed blob: sha256:6c5d0f3368ca3c92732ee3a7ab19d8bef48fa340d2873d1e008f8a100dc9f11f
2019/09/19 06:42:14 pushed blob: sha256:ed9552d2d057ecb0179255916a9259da181185bb08fe46937852c3142c4ea38f
2019/09/19 06:42:14 012629307706.dkr.ecr.us-west-2.amazonaws.com/************/prowstart:0.0.2: digest: sha256:ab0d1077f09ddb13304de1718a8074150f643f1a82b02a4b73f68a0c4579cb11 size: 428

Showing logs for build [32mgitops-unbxd-prowstart-master-drd4f-2[0m stage [32mfrom-build-pack[0m and container [32mstep-build-post-build[0m
no CVE provider running in the current ** namespace so skip adding image to be analysed

Showing logs for build [32mgitops-unbxd-prowstart-master-drd4f-2[0m stage [32mfrom-build-pack[0m and container [32mstep-promote-changelog[0m
Converted /workspace/source/charts/prowstart to an unshallow repository
Generating change log from git ref 7d307d832c6d1184a2c800664044d521f32c9804 => 9f0dcb982b9682f74081a36e933f239e5a21d8bd
WARNING: No release found for ************/Prowstart and tag v0.0.2 so creating a new release
Updated the release information at https://github.com/************/Prowstart/releases/tag/v0.0.2
generated: /workspace/source/charts/prowstart/templates/release.yaml
Created Release prowstart-0-0-2 resource in namespace **
Updating PipelineActivity ************-prowstart-master-2 with version 0.0.2
Updated PipelineActivities ************-prowstart-master-2 with release notes URL: https://github.com/************/Prowstart/releases/tag/v0.0.2

Showing logs for build [32mgitops-unbxd-prowstart-master-drd4f-2[0m stage [32mfrom-build-pack[0m and container [32mstep-promote-helm-release[0m
WARNING: No $CHART_REPOSITORY defined so using the default value of: http://jenkins-x-chartmuseum:8080
Adding missing Helm repo: storage.googleapis.com https://storage.googleapis.com/chartmuseum.jenkins-x.io
Successfully added Helm repository storage.googleapis.com.
Adding missing Helm repo: jenkins-x-chartmuseum http://jenkins-x-chartmuseum:8080
Successfully added Helm repository jenkins-x-chartmuseum.
WARNING: No $CHART_REPOSITORY defined so using the default value of: http://jenkins-x-chartmuseum:8080
Uploading chart file prowstart-0.0.2.tgz to http://jenkins-x-chartmuseum:8080/api/charts
Received 201 response: {"saved":true}

Showing logs for build [32mgitops-unbxd-prowstart-master-drd4f-2[0m stage [32mfrom-build-pack[0m and container [32mstep-promote-jx-promote[0m
WARNING: prow based install so skip waiting for the merge of Pull Requests to go green as currently there is an issue with gettingstatuses from the PR, see https://github.com/jenkins-x/**/issues/2410
Promoting app prowstart version 0.0.2 to namespace **-staging
Created Pull Request: https://github.com/************/environment-raptorbog-staging/pull/1
Pull Request https://github.com/************/environment-raptorbog-staging/pull/1 is merged at sha 36d21a290ae4bb11adc813fe718fd434adbdf446
Pull Request merged but we are not waiting for the update pipeline to complete!
WARNING: Could not find the service URL in namespace **-staging for names prowstart, **-prowstart, **-staging-prowstart
