
Showing logs for build [32mgitops-unbxd-prowstart-master-qrks8-4[0m stage [32mmeta-pipeline[0m and container [32mstep-credential-initializer-98gx8[0m
{"level":"warn","ts":1569830718.9382544,"logger":"fallback-logger","caller":"logging/config.go:69","msg":"Fetch GitHub commit ID from kodata failed: \"ref: refs/heads/master\" is not a valid GitHub commit ID"}
{"level":"info","ts":1569830718.9385417,"logger":"fallback-logger","caller":"creds-init/main.go:40","msg":"Credentials initialized."}

Showing logs for build [32mgitops-unbxd-prowstart-master-qrks8-4[0m stage [32mmeta-pipeline[0m and container [32mstep-working-dir-initializer-vn8xv[0m
{"level":"warn","ts":1569830719.4565945,"logger":"fallback-logger","caller":"logging/config.go:69","msg":"Fetch GitHub commit ID from kodata failed: open /var/run/ko/HEAD: no such file or directory"}
{"level":"info","ts":1569830719.4576297,"logger":"fallback-logger","caller":"bash/main.go:65","msg":"Successfully executed command \"mkdir -p /workspace/source\""}

Showing logs for build [32mgitops-unbxd-prowstart-master-qrks8-4[0m stage [32mmeta-pipeline[0m and container [32mstep-place-tools[0m

Showing logs for build [32mgitops-unbxd-prowstart-master-qrks8-4[0m stage [32mmeta-pipeline[0m and container [32mstep-git-source-meta-gitops-unbxd-prowstart-mas-p7rkr[0m
{"level":"warn","ts":1569830725.5186262,"logger":"fallback-logger","caller":"logging/config.go:69","msg":"Fetch GitHub commit ID from kodata failed: \"ref: refs/heads/master\" is not a valid GitHub commit ID"}
{"level":"info","ts":1569830725.77938,"logger":"fallback-logger","caller":"git/git.go:102","msg":"Successfully cloned https://github.com/************/Prowstart.git @ 4cb56672166aa9140db61dd6b020c103d599716b in path /workspace/source"}

Showing logs for build [32mgitops-unbxd-prowstart-master-qrks8-4[0m stage [32mmeta-pipeline[0m and container [32mstep-git-merge[0m
Using SHAs from PULL_REFS=master:4cb56672166aa9140db61dd6b020c103d599716b
WARNING: no SHAs to merge, falling back to initial cloned commit

Showing logs for build [32mgitops-unbxd-prowstart-master-qrks8-4[0m stage [32mmeta-pipeline[0m and container [32mstep-merge-pull-refs[0m
SKIP merge-pull-refs: Nothing to merge

Showing logs for build [32mgitops-unbxd-prowstart-master-qrks8-4[0m stage [32mmeta-pipeline[0m and container [32mstep-create-effective-pipeline[0m
Deleting and cloning the Jenkins X versions repo
Cloning the Jenkins X versions repo https://github.com/jenkins-x/jenkins-x-versions.git with ref refs/heads/master to /builder/home/.**/jenkins-x-versions
Effective pipeline written to jenkins-x-effective.yml

Showing logs for build [32mgitops-unbxd-prowstart-master-qrks8-4[0m stage [32mmeta-pipeline[0m and container [32mstep-create-tekton-crds[0m
running command: echo \$(**-release-version) > VERSION

running command: ** step tag --version \$(cat VERSION)
Updating chart version in charts/prowstart/Chart.yaml to 0.0.4
Updating repository in charts/prowstart/values.yaml to 012629307706.dkr.ecr.us-west-2.amazonaws.com/************/prowstart
Updating tag in charts/prowstart/values.yaml to 0.0.4
Tag v0.0.4 created and pushed to remote origin

WARNING: failed to find secret kaniko-secret in namespace **: secrets "kaniko-secret" not found
PipelineActivity for ************-Prowstart-master-4
Applying changes 
upserted PipelineResource ************-prowstart-master for the git repository https://github.com/************/Prowstart.git
upserted Task ************-prowstart-master-qrks8-from-build-pack-4
upserted Pipeline ************-prowstart-master-qrks8-4
created PipelineRun ************-prowstart-master-qrks8-4
created PipelineStructure ************-prowstart-master-qrks8-4

Showing logs for build [32mgitops-unbxd-prowstart-master-qrks8-4[0m stage [32mfrom-build-pack[0m and container [32mstep-credential-initializer-8chk8[0m
{"level":"warn","ts":1569830735.7863793,"logger":"fallback-logger","caller":"logging/config.go:69","msg":"Fetch GitHub commit ID from kodata failed: \"ref: refs/heads/master\" is not a valid GitHub commit ID"}
{"level":"info","ts":1569830735.7866611,"logger":"fallback-logger","caller":"creds-init/main.go:40","msg":"Credentials initialized."}

Showing logs for build [32mgitops-unbxd-prowstart-master-qrks8-4[0m stage [32mfrom-build-pack[0m and container [32mstep-working-dir-initializer-tqwxd[0m
{"level":"warn","ts":1569830736.0963519,"logger":"fallback-logger","caller":"logging/config.go:69","msg":"Fetch GitHub commit ID from kodata failed: open /var/run/ko/HEAD: no such file or directory"}
{"level":"info","ts":1569830736.0978153,"logger":"fallback-logger","caller":"bash/main.go:65","msg":"Successfully executed command \"mkdir -p /workspace/source /workspace/source/charts/prowstart\""}

Showing logs for build [32mgitops-unbxd-prowstart-master-qrks8-4[0m stage [32mfrom-build-pack[0m and container [32mstep-place-tools[0m

Showing logs for build [32mgitops-unbxd-prowstart-master-qrks8-4[0m stage [32mfrom-build-pack[0m and container [32mstep-git-source-gitops-unbxd-prowstart-master-s96ll[0m
{"level":"warn","ts":1569830742.050641,"logger":"fallback-logger","caller":"logging/config.go:69","msg":"Fetch GitHub commit ID from kodata failed: \"ref: refs/heads/master\" is not a valid GitHub commit ID"}
{"level":"info","ts":1569830742.3049235,"logger":"fallback-logger","caller":"git/git.go:102","msg":"Successfully cloned https://github.com/************/Prowstart.git @ v0.0.4 in path /workspace/source"}

Showing logs for build [32mgitops-unbxd-prowstart-master-qrks8-4[0m stage [32mfrom-build-pack[0m and container [32mstep-git-merge[0m
Using SHAs from PULL_REFS=master:4cb56672166aa9140db61dd6b020c103d599716b
WARNING: no SHAs to merge, falling back to initial cloned commit

Showing logs for build [32mgitops-unbxd-prowstart-master-qrks8-4[0m stage [32mfrom-build-pack[0m and container [32mstep-setup-jx-git-credentials[0m
Generated Git credentials file /workspace/xdg_config/git/credentials

Showing logs for build [32mgitops-unbxd-prowstart-master-qrks8-4[0m stage [32mfrom-build-pack[0m and container [32mstep-build-make-build[0m
CGO_ENABLED=0 GO15VENDOREXPERIMENT=1 go build -ldflags '' -o bin/prowstart main.go

Showing logs for build [32mgitops-unbxd-prowstart-master-qrks8-4[0m stage [32mfrom-build-pack[0m and container [32mstep-build-container-build[0m
[36mINFO[0m[0000] No base image, nothing to extract            
[36mINFO[0m[0000] cmd: EXPOSE                                  
[36mINFO[0m[0000] Adding exposed port: 8080/tcp                
[36mINFO[0m[0000] Using files from context: [/workspace/source/bin] 
[36mINFO[0m[0000] Skipping unpacking as no commands require it. 
[36mINFO[0m[0000] Taking snapshot of full filesystem...        
[36mINFO[0m[0000] EXPOSE 8080                                  
[36mINFO[0m[0000] cmd: EXPOSE                                  
[36mINFO[0m[0000] Adding exposed port: 8080/tcp                
[36mINFO[0m[0000] No files changed in this command, skipping snapshotting. 
[36mINFO[0m[0000] ENTRYPOINT ["/prowstart"]                    
[36mINFO[0m[0000] No files changed in this command, skipping snapshotting. 
[36mINFO[0m[0000] Using files from context: [/workspace/source/bin] 
[36mINFO[0m[0000] COPY ./bin/ /                                
[36mINFO[0m[0000] Taking snapshot of files...                  
2019/09/30 08:05:47 pushed blob: sha256:43c46075813fd91a0590cdaca801cc9e1bfd35b89a8606400ddadcce626ee402
2019/09/30 08:05:48 pushed blob: sha256:d7111def6b5e0453fbed178b8c7c81f22f72ff92eafcfdb88da4c476657a18f2
2019/09/30 08:05:48 012629307706.dkr.ecr.us-west-2.amazonaws.com/************/prowstart:0.0.4: digest: sha256:825014363013c6e8ae4b1c40315fdfd6cce1a6d724747afb49095ef88c323936 size: 428

Showing logs for build [32mgitops-unbxd-prowstart-master-qrks8-4[0m stage [32mfrom-build-pack[0m and container [32mstep-build-post-build[0m
no CVE provider running in the current ** namespace so skip adding image to be analysed

Showing logs for build [32mgitops-unbxd-prowstart-master-qrks8-4[0m stage [32mfrom-build-pack[0m and container [32mstep-promote-changelog[0m
Converted /workspace/source/charts/prowstart to an unshallow repository
Generating change log from git ref e031d83a796176e43f73b651d085517c6541d70a => afe5eb4acf347d663718a86b7fe1898aaabf5767
WARNING: No release found for ************/Prowstart and tag v0.0.4 so creating a new release
Updated the release information at https://github.com/************/Prowstart/releases/tag/v0.0.4
generated: /workspace/source/charts/prowstart/templates/release.yaml
Created Release prowstart-0-0-4 resource in namespace **
Updating PipelineActivity ************-prowstart-master-4 with version 0.0.4
Updated PipelineActivities ************-prowstart-master-4 with release notes URL: https://github.com/************/Prowstart/releases/tag/v0.0.4

Showing logs for build [32mgitops-unbxd-prowstart-master-qrks8-4[0m stage [32mfrom-build-pack[0m and container [32mstep-promote-helm-release[0m
WARNING: No $CHART_REPOSITORY defined so using the default value of: http://jenkins-x-chartmuseum:8080
Adding missing Helm repo: storage.googleapis.com https://storage.googleapis.com/chartmuseum.jenkins-x.io
Successfully added Helm repository storage.googleapis.com.
Adding missing Helm repo: jenkins-x-chartmuseum http://jenkins-x-chartmuseum:8080
Successfully added Helm repository jenkins-x-chartmuseum.
WARNING: No $CHART_REPOSITORY defined so using the default value of: http://jenkins-x-chartmuseum:8080
Uploading chart file prowstart-0.0.4.tgz to http://jenkins-x-chartmuseum:8080/api/charts
Received 201 response: {"saved":true}

Showing logs for build [32mgitops-unbxd-prowstart-master-qrks8-4[0m stage [32mfrom-build-pack[0m and container [32mstep-promote-jx-promote[0m
WARNING: prow based install so skip waiting for the merge of Pull Requests to go green as currently there is an issue with gettingstatuses from the PR, see https://github.com/jenkins-x/**/issues/2410
Promoting app prowstart version 0.0.4 to namespace **-staging
Created Pull Request: https://github.com/************/environment-flasherweak-staging/pull/3
Pull Request https://github.com/************/environment-flasherweak-staging/pull/3 is merged at sha 005ac5f2b74db0ce347eff10e91d5a5aad5a054d
Pull Request merged but we are not waiting for the update pipeline to complete!
